
	            G L O B A L   R E F E R E N C E S

	             Name               Value        Type
	==============================|=======|===============
	SP_INICIAL                       FDFF         CONSTANT
	INT_MASK_ADDR                    FFFA         CONSTANT
	INT_MASK_JOGO                    8A83         CONSTANT
	TXT_WRITE                        FFFE         CONSTANT
	TXT_CTRL                         FFFC         CONSTANT
	TXT_CTRL_INIT                    FFFF         CONSTANT
	FIM_STR                          0040         CONSTANT
	CHR_MAIS                         002B         CONSTANT
	CHR_MENOS                        002D         CONSTANT
	CHR_ESPACO                       0020         CONSTANT
	CHR_BARRA                        007C         CONSTANT
	CHR_NEWL                         000A         CONSTANT
	CHR_PLAYER1                      0058         CONSTANT
	CHR_PLAYER2                      0023         CONSTANT
	D7S0                             FFF0         CONSTANT
	D7S1                             FFF1         CONSTANT
	D7S2                             FFF2         CONSTANT
	D7S3                             FFF3         CONSTANT
	LCD_CONTROL                      FFF4         CONSTANT
	LCD_WRITE                        FFF5         CONSTANT
	LCD_L0                           8000         CONSTANT
	LCD_L1                           8010         CONSTANT
	LCD_TEMP                         800B         CONSTANT
	LCD_J1                           8014         CONSTANT
	LCD_J2                           801E         CONSTANT
	LED_PORT                         FFF8         CONSTANT
	TEMP_ONOFF                       FFF7         CONSTANT
	TEMP_ADDR                        FFF6         CONSTANT
	INTR_ADDR                        FFF9         CONSTANT
	INT1                             FE01         VARIABLE
	INT0                             FE00         VARIABLE
	INT7                             FE07         VARIABLE
	INT9                             FE09         VARIABLE
	INT11                            FE0B         VARIABLE
	INT15                            FE0F         VARIABLE
	MATRIZ                           6000            TABLE
	MSG1                             8000           STRING
	MSG2                             8012           STRING
	MSG3                             802C           STRING
	MSG4                             8050           STRING
	MSG5                             8074           STRING
	MSG6                             807E           STRING
	MSG7                             8090           STRING
	MSG8                             80A2           STRING
	FIM_FRAME1                       80AA           STRING
	FIM_FRAME2                       80CE           STRING
	TEMPOMAX                         80F2           STRING
	PONT_JOG                         8103           STRING
	TempJ1J2                         8111            TABLE
	MOV_J1                           8114            TABLE
	MOV_J2                           8115            TABLE
	DECIMAS                          8116            TABLE
	MENU                             8117            TABLE
	desenhaMolduraEParticulas        0002            LABEL
	prtStringCentrada                0009            LABEL
	contaComp                        0010            LABEL
	centraString                     0015            LABEL
	loopEscritaStr                   0018            LABEL
	prtStringFim                     0022            LABEL
	drawInicio                       0027            LABEL
	drawFim                          003A            LABEL
	Empate                           0055            LABEL
	P1ganhou                         0058            LABEL
	P2ganhou                         005B            LABEL
	drawFimaposJ                     005D            LABEL
	drawMolReg                       007B            LABEL
	drawMolRegCiclo                  0085            LABEL
	drawMoldura                      0096            LABEL
	drawMolduraCiclo                 00A8            LABEL
	particulasInicio                 00BB            LABEL
	limpaLinha                       00D0            LABEL
	cicloLinha                       00D9            LABEL
	limpaEcra                        00E4            LABEL
	cicloEcra                        00E6            LABEL
	escreveMatriz                    00EE            LABEL
	escreveMCiclo                    00FE            LABEL
	encheLinhaMatriz                 0119            LABEL
	encheLinhaCiclo                  0120            LABEL
	converteEcraMatriz               0129            LABEL
	multiplicaCoordenada             013B            LABEL
	ciclo_mult                       0140            LABEL
	fim_mult                         0145            LABEL
	escreveCharNaMatriz              0148            LABEL
	pausa                            014E            LABEL
	initPausa                        0152            LABEL
	cicloPausa                       0158            LABEL
	fimPausa                         015F            LABEL
	LimpaLCD                         016B            LABEL
	Escreve_LCD                      0172            LABEL
	Inicia_LCD                       017B            LABEL
	IniLCDEscTemp                    0186            LABEL
	IniLCDEscJ1J2                    0192            LABEL
	IncDeci                          019E            LABEL
	IncDeci1                         01C2            LABEL
	IncDeci2                         01C4            LABEL
	IncDeci3                         01C7            LABEL
	IncDeci4                         01CA            LABEL
	IncDeciFim                       01CD            LABEL
	DecToAscii                       01CF            LABEL
	ActualizaLCD                     01D2            LABEL
	ActualizaLCDT                    01D7            LABEL
	ActualizaLCDJ                    0200            LABEL
	EscreveD7S                       022D            LABEL
	J1Esquerda                       0240            LABEL
	J1Esquerda1                      024F            LABEL
	J1Esquerda2                      0250            LABEL
	J1Direita                        0252            LABEL
	J1Direita1                       0261            LABEL
	J1Direita2                       0263            LABEL
	J2Esquerda                       0265            LABEL
	J2Esquerda1                      0274            LABEL
	J2Esquerda2                      0275            LABEL
	J2Direita                        0277            LABEL
	J2Direita1                       0286            LABEL
	J2Direita2                       0288            LABEL
	delay                            028A            LABEL
	delayciclo                       028B            LABEL
	esperaFimDelay                   0297            LABEL
	acabaDelay                       02A0            LABEL
	delayDificuldade                 02A3            LABEL
	delayDifiN0                      02A7            LABEL
	delayDifiN1                      02B1            LABEL
	delayDifiN2                      02BB            LABEL
	delayDifiN3                      02C5            LABEL
	delayDifiN4                      02CF            LABEL
	delayDifInicio                   02D9            LABEL
	fimDifi                          02EC            LABEL
	aplicaVetor                      02F1            LABEL
	aplicaUm                         02F6            LABEL
	aplicaDois                       02FD            LABEL
	aplicaTres                       0303            LABEL
	aplicaVetorFim                   0305            LABEL
	contaSegundos                    0306            LABEL
	contaSegFim                      0318            LABEL
	testaColisoes                    031A            LABEL
	testaFim                         0324            LABEL
	inicio                           0327            LABEL
	NaoComecou                       0345            LABEL
	MenuRedirect                     0346            LABEL
	jogo                             034E            LABEL
	JogadaP1                         0363            LABEL
	JogadaP2                         037B            LABEL
	condicoesFim                     0395            LABEL
	condicoesFimP2                   03A4            LABEL
	FimDesteJogo                     03B1            LABEL
	FimDesteJogo1                    03B6            LABEL
	Fim                              03BD            LABEL
